<?xml version="1.0" encoding="UTF-8"?>
<!-- Generated by org.testng.reporters.JUnitXMLReporter -->
<testsuite ignored="0" hostname="PC-f7ad11" failures="0" tests="12" name="Test" time="107.822" errors="0" timestamp="2024-03-27T13:00:23 IST">
  <testcase classname="Tasks.Customer" name="create_customer" time="6.106"/>
  <testcase classname="Tasks.Customer" name="create_customer" time="5.804"/>
  <testcase classname="Tasks.Customer" name="create_customer" time="5.582"/>
  <testcase classname="Tasks.Customer" name="create_customer" time="5.66"/>
  <testcase classname="Tasks.Customer" name="create_customer" time="5.514"/>
  <testcase classname="Tasks.Customer" name="create_customer" time="5.551"/>
  <testcase classname="Tasks.Customer" name="create_customer" time="5.763"/>
  <testcase classname="Tasks.Customer" name="create_customer" time="5.663"/>
  <testcase classname="Tasks.Customer" name="create_customer" time="5.632"/>
  <testcase classname="Tasks.Customer" name="create_customer" time="5.689"/>
  <testcase classname="Tasks.Customer" name="create_customer" time="5.706"/>
  <testcase classname="Tasks.Customer" name="create_customer" time="5.595"/>
</testsuite> <!-- Test -->
