<?xml version="1.0" encoding="UTF-8"?>
<testng-results ignored="0" total="12" passed="12" failed="0" skipped="0">
  <reporter-output>
  </reporter-output>
  <suite started-at="2024-03-27T12:58:35 IST" name="Suite" finished-at="2024-03-27T13:00:23 IST" duration-ms="107822">
    <groups>
    </groups>
    <test started-at="2024-03-27T12:58:35 IST" name="Test" finished-at="2024-03-27T13:00:23 IST" duration-ms="107822">
      <class name="Tasks.Customer">
        <test-method is-config="true" signature="launchbrowser(java.lang.String)[pri:0, instance:Tasks.Customer@7205765b]" started-at="2024-03-27T12:58:35 IST" name="launchbrowser" finished-at="2024-03-27T12:58:39 IST" duration-ms="3782" status="PASS">
          <params>
            <param index="0">
              <value>
                <![CDATA[chrome]]>
              </value>
            </param>
          </params>
          <reporter-output>
          </reporter-output>
        </test-method> <!-- launchbrowser -->
        <test-method is-config="true" signature="login(java.lang.String,java.lang.String,java.lang.String)[pri:0, instance:Tasks.Customer@7205765b]" started-at="2024-03-27T12:58:40 IST" name="login" finished-at="2024-03-27T12:58:44 IST" duration-ms="3777" status="PASS">
          <params>
            <param index="0">
              <value>
                <![CDATA[http://127.0.0.1/login.do]]>
              </value>
            </param>
            <param index="1">
              <value>
                <![CDATA[admin]]>
              </value>
            </param>
            <param index="2">
              <value>
                <![CDATA[manager]]>
              </value>
            </param>
          </params>
          <reporter-output>
          </reporter-output>
        </test-method> <!-- login -->
        <test-method signature="create_customer(java.lang.String,java.lang.String)[pri:0, instance:Tasks.Customer@7205765b]" started-at="2024-03-27T12:58:44 IST" name="create_customer" data-provider="createcustomer" finished-at="2024-03-27T12:58:50 IST" duration-ms="6106" status="PASS">
          <params>
            <param index="0">
              <value>
                <![CDATA[synechron1]]>
              </value>
            </param>
            <param index="1">
              <value>
                <![CDATA[servicebased1]]>
              </value>
            </param>
          </params>
          <reporter-output>
          </reporter-output>
        </test-method> <!-- create_customer -->
        <test-method is-config="true" signature="logout()[pri:0, instance:Tasks.Customer@7205765b]" started-at="2024-03-27T12:58:50 IST" name="logout" finished-at="2024-03-27T12:58:50 IST" duration-ms="217" status="PASS">
          <reporter-output>
          </reporter-output>
        </test-method> <!-- logout -->
        <test-method is-config="true" signature="login(java.lang.String,java.lang.String,java.lang.String)[pri:0, instance:Tasks.Customer@7205765b]" started-at="2024-03-27T12:58:50 IST" name="login" finished-at="2024-03-27T12:58:53 IST" duration-ms="2512" status="PASS">
          <params>
            <param index="0">
              <value>
                <![CDATA[http://127.0.0.1/login.do]]>
              </value>
            </param>
            <param index="1">
              <value>
                <![CDATA[admin]]>
              </value>
            </param>
            <param index="2">
              <value>
                <![CDATA[manager]]>
              </value>
            </param>
          </params>
          <reporter-output>
          </reporter-output>
        </test-method> <!-- login -->
        <test-method signature="create_customer(java.lang.String,java.lang.String)[pri:0, instance:Tasks.Customer@7205765b]" started-at="2024-03-27T12:58:53 IST" name="create_customer" data-provider="createcustomer" finished-at="2024-03-27T12:58:59 IST" duration-ms="5804" status="PASS">
          <params>
            <param index="0">
              <value>
                <![CDATA[synechron2]]>
              </value>
            </param>
            <param index="1">
              <value>
                <![CDATA[servicebased2]]>
              </value>
            </param>
          </params>
          <reporter-output>
          </reporter-output>
        </test-method> <!-- create_customer -->
        <test-method is-config="true" signature="logout()[pri:0, instance:Tasks.Customer@7205765b]" started-at="2024-03-27T12:58:59 IST" name="logout" finished-at="2024-03-27T12:58:59 IST" duration-ms="178" status="PASS">
          <reporter-output>
          </reporter-output>
        </test-method> <!-- logout -->
        <test-method is-config="true" signature="login(java.lang.String,java.lang.String,java.lang.String)[pri:0, instance:Tasks.Customer@7205765b]" started-at="2024-03-27T12:58:59 IST" name="login" finished-at="2024-03-27T12:59:01 IST" duration-ms="2446" status="PASS">
          <params>
            <param index="0">
              <value>
                <![CDATA[http://127.0.0.1/login.do]]>
              </value>
            </param>
            <param index="1">
              <value>
                <![CDATA[admin]]>
              </value>
            </param>
            <param index="2">
              <value>
                <![CDATA[manager]]>
              </value>
            </param>
          </params>
          <reporter-output>
          </reporter-output>
        </test-method> <!-- login -->
        <test-method signature="create_customer(java.lang.String,java.lang.String)[pri:0, instance:Tasks.Customer@7205765b]" started-at="2024-03-27T12:59:01 IST" name="create_customer" data-provider="createcustomer" finished-at="2024-03-27T12:59:07 IST" duration-ms="5582" status="PASS">
          <params>
            <param index="0">
              <value>
                <![CDATA[synechron3]]>
              </value>
            </param>
            <param index="1">
              <value>
                <![CDATA[servicebased3]]>
              </value>
            </param>
          </params>
          <reporter-output>
          </reporter-output>
        </test-method> <!-- create_customer -->
        <test-method is-config="true" signature="logout()[pri:0, instance:Tasks.Customer@7205765b]" started-at="2024-03-27T12:59:07 IST" name="logout" finished-at="2024-03-27T12:59:07 IST" duration-ms="165" status="PASS">
          <reporter-output>
          </reporter-output>
        </test-method> <!-- logout -->
        <test-method is-config="true" signature="login(java.lang.String,java.lang.String,java.lang.String)[pri:0, instance:Tasks.Customer@7205765b]" started-at="2024-03-27T12:59:07 IST" name="login" finished-at="2024-03-27T12:59:10 IST" duration-ms="2477" status="PASS">
          <params>
            <param index="0">
              <value>
                <![CDATA[http://127.0.0.1/login.do]]>
              </value>
            </param>
            <param index="1">
              <value>
                <![CDATA[admin]]>
              </value>
            </param>
            <param index="2">
              <value>
                <![CDATA[manager]]>
              </value>
            </param>
          </params>
          <reporter-output>
          </reporter-output>
        </test-method> <!-- login -->
        <test-method signature="create_customer(java.lang.String,java.lang.String)[pri:0, instance:Tasks.Customer@7205765b]" started-at="2024-03-27T12:59:10 IST" name="create_customer" data-provider="createcustomer" finished-at="2024-03-27T12:59:15 IST" duration-ms="5660" status="PASS">
          <params>
            <param index="0">
              <value>
                <![CDATA[synechron4]]>
              </value>
            </param>
            <param index="1">
              <value>
                <![CDATA[servicebased4]]>
              </value>
            </param>
          </params>
          <reporter-output>
          </reporter-output>
        </test-method> <!-- create_customer -->
        <test-method is-config="true" signature="logout()[pri:0, instance:Tasks.Customer@7205765b]" started-at="2024-03-27T12:59:15 IST" name="logout" finished-at="2024-03-27T12:59:15 IST" duration-ms="180" status="PASS">
          <reporter-output>
          </reporter-output>
        </test-method> <!-- logout -->
        <test-method is-config="true" signature="login(java.lang.String,java.lang.String,java.lang.String)[pri:0, instance:Tasks.Customer@7205765b]" started-at="2024-03-27T12:59:15 IST" name="login" finished-at="2024-03-27T12:59:18 IST" duration-ms="2491" status="PASS">
          <params>
            <param index="0">
              <value>
                <![CDATA[http://127.0.0.1/login.do]]>
              </value>
            </param>
            <param index="1">
              <value>
                <![CDATA[admin]]>
              </value>
            </param>
            <param index="2">
              <value>
                <![CDATA[manager]]>
              </value>
            </param>
          </params>
          <reporter-output>
          </reporter-output>
        </test-method> <!-- login -->
        <test-method signature="create_customer(java.lang.String,java.lang.String)[pri:0, instance:Tasks.Customer@7205765b]" started-at="2024-03-27T12:59:18 IST" name="create_customer" data-provider="createcustomer" finished-at="2024-03-27T12:59:23 IST" duration-ms="5514" status="PASS">
          <params>
            <param index="0">
              <value>
                <![CDATA[synechron5]]>
              </value>
            </param>
            <param index="1">
              <value>
                <![CDATA[servicebased5]]>
              </value>
            </param>
          </params>
          <reporter-output>
          </reporter-output>
        </test-method> <!-- create_customer -->
        <test-method is-config="true" signature="logout()[pri:0, instance:Tasks.Customer@7205765b]" started-at="2024-03-27T12:59:23 IST" name="logout" finished-at="2024-03-27T12:59:24 IST" duration-ms="191" status="PASS">
          <reporter-output>
          </reporter-output>
        </test-method> <!-- logout -->
        <test-method is-config="true" signature="login(java.lang.String,java.lang.String,java.lang.String)[pri:0, instance:Tasks.Customer@7205765b]" started-at="2024-03-27T12:59:24 IST" name="login" finished-at="2024-03-27T12:59:26 IST" duration-ms="2472" status="PASS">
          <params>
            <param index="0">
              <value>
                <![CDATA[http://127.0.0.1/login.do]]>
              </value>
            </param>
            <param index="1">
              <value>
                <![CDATA[admin]]>
              </value>
            </param>
            <param index="2">
              <value>
                <![CDATA[manager]]>
              </value>
            </param>
          </params>
          <reporter-output>
          </reporter-output>
        </test-method> <!-- login -->
        <test-method signature="create_customer(java.lang.String,java.lang.String)[pri:0, instance:Tasks.Customer@7205765b]" started-at="2024-03-27T12:59:26 IST" name="create_customer" data-provider="createcustomer" finished-at="2024-03-27T12:59:32 IST" duration-ms="5551" status="PASS">
          <params>
            <param index="0">
              <value>
                <![CDATA[synechron6]]>
              </value>
            </param>
            <param index="1">
              <value>
                <![CDATA[servicebased6]]>
              </value>
            </param>
          </params>
          <reporter-output>
          </reporter-output>
        </test-method> <!-- create_customer -->
        <test-method is-config="true" signature="logout()[pri:0, instance:Tasks.Customer@7205765b]" started-at="2024-03-27T12:59:32 IST" name="logout" finished-at="2024-03-27T12:59:32 IST" duration-ms="165" status="PASS">
          <reporter-output>
          </reporter-output>
        </test-method> <!-- logout -->
        <test-method is-config="true" signature="login(java.lang.String,java.lang.String,java.lang.String)[pri:0, instance:Tasks.Customer@7205765b]" started-at="2024-03-27T12:59:32 IST" name="login" finished-at="2024-03-27T12:59:35 IST" duration-ms="2954" status="PASS">
          <params>
            <param index="0">
              <value>
                <![CDATA[http://127.0.0.1/login.do]]>
              </value>
            </param>
            <param index="1">
              <value>
                <![CDATA[admin]]>
              </value>
            </param>
            <param index="2">
              <value>
                <![CDATA[manager]]>
              </value>
            </param>
          </params>
          <reporter-output>
          </reporter-output>
        </test-method> <!-- login -->
        <test-method signature="create_customer(java.lang.String,java.lang.String)[pri:0, instance:Tasks.Customer@7205765b]" started-at="2024-03-27T12:59:35 IST" name="create_customer" data-provider="createcustomer" finished-at="2024-03-27T12:59:41 IST" duration-ms="5763" status="PASS">
          <params>
            <param index="0">
              <value>
                <![CDATA[synechron7]]>
              </value>
            </param>
            <param index="1">
              <value>
                <![CDATA[servicebased7]]>
              </value>
            </param>
          </params>
          <reporter-output>
          </reporter-output>
        </test-method> <!-- create_customer -->
        <test-method is-config="true" signature="logout()[pri:0, instance:Tasks.Customer@7205765b]" started-at="2024-03-27T12:59:41 IST" name="logout" finished-at="2024-03-27T12:59:41 IST" duration-ms="156" status="PASS">
          <reporter-output>
          </reporter-output>
        </test-method> <!-- logout -->
        <test-method is-config="true" signature="login(java.lang.String,java.lang.String,java.lang.String)[pri:0, instance:Tasks.Customer@7205765b]" started-at="2024-03-27T12:59:41 IST" name="login" finished-at="2024-03-27T12:59:43 IST" duration-ms="2385" status="PASS">
          <params>
            <param index="0">
              <value>
                <![CDATA[http://127.0.0.1/login.do]]>
              </value>
            </param>
            <param index="1">
              <value>
                <![CDATA[admin]]>
              </value>
            </param>
            <param index="2">
              <value>
                <![CDATA[manager]]>
              </value>
            </param>
          </params>
          <reporter-output>
          </reporter-output>
        </test-method> <!-- login -->
        <test-method signature="create_customer(java.lang.String,java.lang.String)[pri:0, instance:Tasks.Customer@7205765b]" started-at="2024-03-27T12:59:43 IST" name="create_customer" data-provider="createcustomer" finished-at="2024-03-27T12:59:49 IST" duration-ms="5663" status="PASS">
          <params>
            <param index="0">
              <value>
                <![CDATA[synechron8]]>
              </value>
            </param>
            <param index="1">
              <value>
                <![CDATA[servicebased8]]>
              </value>
            </param>
          </params>
          <reporter-output>
          </reporter-output>
        </test-method> <!-- create_customer -->
        <test-method is-config="true" signature="logout()[pri:0, instance:Tasks.Customer@7205765b]" started-at="2024-03-27T12:59:49 IST" name="logout" finished-at="2024-03-27T12:59:49 IST" duration-ms="299" status="PASS">
          <reporter-output>
          </reporter-output>
        </test-method> <!-- logout -->
        <test-method is-config="true" signature="login(java.lang.String,java.lang.String,java.lang.String)[pri:0, instance:Tasks.Customer@7205765b]" started-at="2024-03-27T12:59:49 IST" name="login" finished-at="2024-03-27T12:59:52 IST" duration-ms="2515" status="PASS">
          <params>
            <param index="0">
              <value>
                <![CDATA[http://127.0.0.1/login.do]]>
              </value>
            </param>
            <param index="1">
              <value>
                <![CDATA[admin]]>
              </value>
            </param>
            <param index="2">
              <value>
                <![CDATA[manager]]>
              </value>
            </param>
          </params>
          <reporter-output>
          </reporter-output>
        </test-method> <!-- login -->
        <test-method signature="create_customer(java.lang.String,java.lang.String)[pri:0, instance:Tasks.Customer@7205765b]" started-at="2024-03-27T12:59:52 IST" name="create_customer" data-provider="createcustomer" finished-at="2024-03-27T12:59:57 IST" duration-ms="5632" status="PASS">
          <params>
            <param index="0">
              <value>
                <![CDATA[synechron9]]>
              </value>
            </param>
            <param index="1">
              <value>
                <![CDATA[servicebased9]]>
              </value>
            </param>
          </params>
          <reporter-output>
          </reporter-output>
        </test-method> <!-- create_customer -->
        <test-method is-config="true" signature="logout()[pri:0, instance:Tasks.Customer@7205765b]" started-at="2024-03-27T12:59:57 IST" name="logout" finished-at="2024-03-27T12:59:57 IST" duration-ms="165" status="PASS">
          <reporter-output>
          </reporter-output>
        </test-method> <!-- logout -->
        <test-method is-config="true" signature="login(java.lang.String,java.lang.String,java.lang.String)[pri:0, instance:Tasks.Customer@7205765b]" started-at="2024-03-27T12:59:57 IST" name="login" finished-at="2024-03-27T13:00:00 IST" duration-ms="2517" status="PASS">
          <params>
            <param index="0">
              <value>
                <![CDATA[http://127.0.0.1/login.do]]>
              </value>
            </param>
            <param index="1">
              <value>
                <![CDATA[admin]]>
              </value>
            </param>
            <param index="2">
              <value>
                <![CDATA[manager]]>
              </value>
            </param>
          </params>
          <reporter-output>
          </reporter-output>
        </test-method> <!-- login -->
        <test-method signature="create_customer(java.lang.String,java.lang.String)[pri:0, instance:Tasks.Customer@7205765b]" started-at="2024-03-27T13:00:00 IST" name="create_customer" data-provider="createcustomer" finished-at="2024-03-27T13:00:06 IST" duration-ms="5689" status="PASS">
          <params>
            <param index="0">
              <value>
                <![CDATA[synechron10]]>
              </value>
            </param>
            <param index="1">
              <value>
                <![CDATA[servicebased10]]>
              </value>
            </param>
          </params>
          <reporter-output>
          </reporter-output>
        </test-method> <!-- create_customer -->
        <test-method is-config="true" signature="logout()[pri:0, instance:Tasks.Customer@7205765b]" started-at="2024-03-27T13:00:06 IST" name="logout" finished-at="2024-03-27T13:00:06 IST" duration-ms="164" status="PASS">
          <reporter-output>
          </reporter-output>
        </test-method> <!-- logout -->
        <test-method is-config="true" signature="login(java.lang.String,java.lang.String,java.lang.String)[pri:0, instance:Tasks.Customer@7205765b]" started-at="2024-03-27T13:00:06 IST" name="login" finished-at="2024-03-27T13:00:09 IST" duration-ms="3008" status="PASS">
          <params>
            <param index="0">
              <value>
                <![CDATA[http://127.0.0.1/login.do]]>
              </value>
            </param>
            <param index="1">
              <value>
                <![CDATA[admin]]>
              </value>
            </param>
            <param index="2">
              <value>
                <![CDATA[manager]]>
              </value>
            </param>
          </params>
          <reporter-output>
          </reporter-output>
        </test-method> <!-- login -->
        <test-method signature="create_customer(java.lang.String,java.lang.String)[pri:0, instance:Tasks.Customer@7205765b]" started-at="2024-03-27T13:00:09 IST" name="create_customer" data-provider="createcustomer" finished-at="2024-03-27T13:00:14 IST" duration-ms="5706" status="PASS">
          <params>
            <param index="0">
              <value>
                <![CDATA[synechron11]]>
              </value>
            </param>
            <param index="1">
              <value>
                <![CDATA[servicebased11]]>
              </value>
            </param>
          </params>
          <reporter-output>
          </reporter-output>
        </test-method> <!-- create_customer -->
        <test-method is-config="true" signature="logout()[pri:0, instance:Tasks.Customer@7205765b]" started-at="2024-03-27T13:00:14 IST" name="logout" finished-at="2024-03-27T13:00:15 IST" duration-ms="213" status="PASS">
          <reporter-output>
          </reporter-output>
        </test-method> <!-- logout -->
        <test-method is-config="true" signature="login(java.lang.String,java.lang.String,java.lang.String)[pri:0, instance:Tasks.Customer@7205765b]" started-at="2024-03-27T13:00:15 IST" name="login" finished-at="2024-03-27T13:00:17 IST" duration-ms="2444" status="PASS">
          <params>
            <param index="0">
              <value>
                <![CDATA[http://127.0.0.1/login.do]]>
              </value>
            </param>
            <param index="1">
              <value>
                <![CDATA[admin]]>
              </value>
            </param>
            <param index="2">
              <value>
                <![CDATA[manager]]>
              </value>
            </param>
          </params>
          <reporter-output>
          </reporter-output>
        </test-method> <!-- login -->
        <test-method signature="create_customer(java.lang.String,java.lang.String)[pri:0, instance:Tasks.Customer@7205765b]" started-at="2024-03-27T13:00:17 IST" name="create_customer" data-provider="createcustomer" finished-at="2024-03-27T13:00:23 IST" duration-ms="5595" status="PASS">
          <params>
            <param index="0">
              <value>
                <![CDATA[synechron12]]>
              </value>
            </param>
            <param index="1">
              <value>
                <![CDATA[servicebased12]]>
              </value>
            </param>
          </params>
          <reporter-output>
          </reporter-output>
        </test-method> <!-- create_customer -->
        <test-method is-config="true" signature="logout()[pri:0, instance:Tasks.Customer@7205765b]" started-at="2024-03-27T13:00:23 IST" name="logout" finished-at="2024-03-27T13:00:23 IST" duration-ms="210" status="PASS">
          <reporter-output>
          </reporter-output>
        </test-method> <!-- logout -->
        <test-method is-config="true" signature="closebrowser()[pri:0, instance:Tasks.Customer@7205765b]" started-at="2024-03-27T13:00:23 IST" name="closebrowser" finished-at="2024-03-27T13:00:23 IST" duration-ms="147" status="PASS">
          <reporter-output>
          </reporter-output>
        </test-method> <!-- closebrowser -->
      </class> <!-- Tasks.Customer -->
    </test> <!-- Test -->
  </suite> <!-- Suite -->
</testng-results>
